<?xml version="1.0" encoding="UTF-8"?>
<!-- Generated by org.testng.reporters.JUnitReportReporter -->
<testsuite skipped="0" hostname="DESKTOP-LCI2JQ2" name="com.test.SmokeTest" tests="1" failures="0" timestamp="07 May 2017 19:31:13 GMT" time="33.369" errors="0">
  <testcase name="test1" time="33.369" classname="com.test.SmokeTest"/>
</testsuite> <!-- com.test.SmokeTest -->
